<?xml version="1.0" encoding="utf-8"?><testsuites name="pytest tests"><testsuite name="pytest" errors="0" failures="0" skipped="0" tests="24" time="19.289" timestamp="2026-04-11T09:07:09.201023+00:00" hostname="agent-env-946e1f0a-066a-4a0f-8537-83bf3998a779"><testcase classname="tests.test_p1_corrective_pass.TestHealthAndAuth" name="test_health_endpoint" time="1.848" /><testcase classname="tests.test_p1_corrective_pass.TestHealthAndAuth" name="test_agent_login" time="0.435" /><testcase classname="tests.test_p1_corrective_pass.TestWorkflowFixes" name="test_workflow_templates_no_crash" time="0.218" /><testcase classname="tests.test_p1_corrective_pass.TestWorkflowFixes" name="test_workflow_execute_send_document_no_nameerror" time="2.047" /><testcase classname="tests.test_p1_corrective_pass.TestWorkflowFixes" name="test_workflow_execute_new_client_onboarding_no_is_demo" time="1.703" /><testcase classname="tests.test_p1_corrective_pass.TestWorkflowFixes" name="test_workflow_execute_project_announcement_no_is_demo" time="1.744" /><testcase classname="tests.test_p1_corrective_pass.TestWorkflowFixes" name="test_workflow_history_no_is_demo" time="0.325" /><testcase classname="tests.test_p1_corrective_pass.TestStatsEndpoints" name="test_agent_stats_no_is_demo_filter" time="1.015" /><testcase classname="tests.test_p1_corrective_pass.TestStatsEndpoints" name="test_buyer_stats_no_is_demo_filter" time="0.225" /><testcase classname="tests.test_p1_corrective_pass.TestNotificationEndpoint" name="test_notifications_structure" time="0.439" /><testcase classname="tests.test_p1_corrective_pass.TestPhase1Regression" name="test_projects_no_is_demo" time="0.830" /><testcase classname="tests.test_p1_corrective_pass.TestPhase1Regression" name="test_project_timeline_no_is_demo" time="0.446" /><testcase classname="tests.test_p1_corrective_pass.TestPhase1Regression" name="test_clients_no_is_demo" time="0.351" /><testcase classname="tests.test_p1_corrective_pass.TestPhase2Regression" name="test_documents_no_is_demo" time="0.326" /><testcase classname="tests.test_p1_corrective_pass.TestPhase2Regression" name="test_activities_no_is_demo" time="3.746" /><testcase classname="tests.test_p1_corrective_pass.TestPhase2Regression" name="test_vault_documents_no_is_demo" time="0.336" /><testcase classname="tests.test_p1_corrective_pass.TestPhase3Regression" name="test_command_interpret_no_is_demo" time="0.330" /><testcase classname="tests.test_p1_corrective_pass.TestPhase3Regression" name="test_command_draft_no_is_demo" time="0.563" /><testcase classname="tests.test_p1_corrective_pass.TestTeamCRUD" name="test_team_crud_flow" time="1.932" /><testcase classname="tests.test_p1_corrective_pass.TestTeamCRUD" name="test_team_directory_no_is_demo" time="0.330" /><testcase classname="tests.test_p1_corrective_pass.TestCodeVerification" name="test_no_get_is_demo_imports_in_routes" time="0.006" /><testcase classname="tests.test_p1_corrective_pass.TestCodeVerification" name="test_resend_api_key_imported_in_workflows" time="0.003" /><testcase classname="tests.test_p1_corrective_pass.TestCodeVerification" name="test_doc_extraction_no_is_demo_references" time="0.003" /><testcase classname="tests.test_p1_corrective_pass.TestCodeVerification" name="test_stats_no_is_demo_references" time="0.003" /></testsuite></testsuites>