<?xml version="1.0" encoding="utf-8"?><testsuites name="pytest tests"><testsuite name="pytest" errors="0" failures="0" skipped="0" tests="20" time="8.696" timestamp="2026-04-11T09:25:32.092124+00:00" hostname="agent-env-946e1f0a-066a-4a0f-8537-83bf3998a779"><testcase classname="tests.test_auth_surgery.TestAuthSurgeryLoginResponses" name="test_agent_login_no_is_demo" time="0.492" /><testcase classname="tests.test_auth_surgery.TestAuthSurgeryLoginResponses" name="test_agent_login_exact_keys" time="0.433" /><testcase classname="tests.test_auth_surgery.TestAuthSurgeryMeAndSession" name="test_auth_me_no_is_demo" time="1.712" /><testcase classname="tests.test_auth_surgery.TestAuthSurgeryMeAndSession" name="test_auth_session_no_is_demo" time="0.213" /><testcase classname="tests.test_auth_surgery.TestAuthSurgeryDemoLogin" name="test_demo_agent_login_works" time="0.211" /><testcase classname="tests.test_auth_surgery.TestAuthSurgeryDemoLogin" name="test_demo_buyer_login_works" time="0.211" /><testcase classname="tests.test_auth_surgery.TestAuthSurgeryDemoLogin" name="test_demo_login_response_keys" time="0.216" /><testcase classname="tests.test_auth_surgery.TestAuthSurgeryRegistration" name="test_agent_registration_no_is_demo_in_response" time="0.551" /><testcase classname="tests.test_auth_surgery.TestAuthSurgeryCodeVerification" name="test_get_is_demo_not_in_access_control" time="0.003" /><testcase classname="tests.test_auth_surgery.TestAuthSurgeryCodeVerification" name="test_get_demo_filter_not_in_helpers" time="0.003" /><testcase classname="tests.test_auth_surgery.TestAuthSurgeryCodeVerification" name="test_no_get_demo_filter_imports_in_routes" time="0.004" /><testcase classname="tests.test_auth_surgery.TestAuthSurgeryCodeVerification" name="test_no_get_is_demo_imports_in_routes" time="0.004" /><testcase classname="tests.test_auth_surgery.TestAuthSurgeryDBVerification" name="test_db_users_no_is_demo_via_auth_me" time="0.213" /><testcase classname="tests.test_auth_surgery.TestCanonicalEndpointsRegression" name="test_projects_endpoint" time="0.775" /><testcase classname="tests.test_auth_surgery.TestCanonicalEndpointsRegression" name="test_documents_endpoint" time="0.365" /><testcase classname="tests.test_auth_surgery.TestCanonicalEndpointsRegression" name="test_notifications_contract" time="0.435" /><testcase classname="tests.test_auth_surgery.TestCanonicalEndpointsRegression" name="test_stats_agent_endpoint" time="0.998" /><testcase classname="tests.test_auth_surgery.TestTeamCRUDRegression" name="test_team_directory" time="0.338" /><testcase classname="tests.test_auth_surgery.TestTeamCRUDRegression" name="test_team_list" time="1.219" /><testcase classname="tests.test_auth_surgery.TestWorkflowRegression" name="test_workflow_templates" time="0.220" /></testsuite></testsuites>