<?xml version="1.0" encoding="utf-8"?><testsuites name="pytest tests"><testsuite name="pytest" errors="0" failures="0" skipped="0" tests="14" time="12.839" timestamp="2026-04-11T19:03:17.229037+00:00" hostname="agent-env-946e1f0a-066a-4a0f-8537-83bf3998a779"><testcase classname="tests.test_change_requests.TestChangeRequestLifecycle" name="test_01_create_change_request" time="6.157" /><testcase classname="tests.test_change_requests.TestChangeRequestLifecycle" name="test_02_list_change_requests" time="0.446" /><testcase classname="tests.test_change_requests.TestChangeRequestLifecycle" name="test_03_get_entity_change_requests" time="0.334" /><testcase classname="tests.test_change_requests.TestChangeRequestLifecycle" name="test_04_respond_to_change_request" time="0.329" /><testcase classname="tests.test_change_requests.TestChangeRequestLifecycle" name="test_05_resolve_change_request" time="0.452" /><testcase classname="tests.test_change_requests.TestChangeRequestLifecycle" name="test_06_close_change_request" time="0.340" /><testcase classname="tests.test_change_requests.TestChangeRequestLifecycle" name="test_07_get_single_change_request" time="0.379" /><testcase classname="tests.test_change_requests.TestStatsEndpoint" name="test_stats_includes_change_requests" time="1.127" /><testcase classname="tests.test_change_requests.TestAuthHeaderAudit" name="test_documents_endpoint" time="0.344" /><testcase classname="tests.test_change_requests.TestAuthHeaderAudit" name="test_projects_endpoint" time="0.571" /><testcase classname="tests.test_change_requests.TestAuthHeaderAudit" name="test_clients_endpoint" time="0.352" /><testcase classname="tests.test_change_requests.TestAuthHeaderAudit" name="test_activities_endpoint" time="1.118" /><testcase classname="tests.test_change_requests.TestAuthHeaderAudit" name="test_notifications_endpoint" time="0.492" /><testcase classname="tests.test_change_requests.TestAuthHeaderAudit" name="test_vault_endpoint" time="0.330" /></testsuite></testsuites>