<?xml version="1.0" encoding="utf-8"?><testsuites name="pytest tests"><testsuite name="pytest" errors="0" failures="0" skipped="0" tests="8" time="16.508" timestamp="2026-04-11T16:14:44.619501+00:00" hostname="agent-env-946e1f0a-066a-4a0f-8537-83bf3998a779"><testcase classname="tests.test_activities_performance.TestActivitiesPerformanceOptimization" name="test_activities_endpoint_response_shape" time="4.838" /><testcase classname="tests.test_activities_performance.TestActivitiesPerformanceOptimization" name="test_activities_enrichment_fields_present" time="1.069" /><testcase classname="tests.test_activities_performance.TestActivitiesPerformanceOptimization" name="test_activities_load_time_under_3_seconds" time="1.069" /><testcase classname="tests.test_activities_performance.TestActivitiesPerformanceOptimization" name="test_activity_detail_endpoint_enrichment" time="2.585" /><testcase classname="tests.test_activities_performance.TestActivitiesPerformanceOptimization" name="test_activities_no_mongodb_id_leak" time="1.072" /><testcase classname="tests.test_activities_performance.TestActivitiesPerformanceOptimization" name="test_activities_pagination_works" time="2.149" /><testcase classname="tests.test_activities_performance.TestActivitiesCreateAndVerify" name="test_create_activity_returns_enriched_response" time="2.580" /><testcase classname="tests.test_activities_performance.TestActivitiesCreateAndVerify" name="test_created_activity_appears_in_feed" time="1.076" /></testsuite></testsuites>