<?xml version="1.0" encoding="utf-8"?><testsuites name="pytest tests"><testsuite name="pytest" errors="0" failures="0" skipped="0" tests="16" time="26.677" timestamp="2026-04-10T20:26:14.642391+00:00" hostname="agent-env-946e1f0a-066a-4a0f-8537-83bf3998a779"><testcase classname="tests.test_phase_f_cleanup.TestPhaseF" name="test_01_health_endpoint" time="0.160" /><testcase classname="tests.test_phase_f_cleanup.TestPhaseF" name="test_02_auth_login" time="0.453" /><testcase classname="tests.test_phase_f_cleanup.TestPhaseF" name="test_03_get_projects" time="1.031" /><testcase classname="tests.test_phase_f_cleanup.TestPhaseF" name="test_04_get_project_units" time="0.915" /><testcase classname="tests.test_phase_f_cleanup.TestPhaseF" name="test_05_stages_route_removed" time="0.114" /><testcase classname="tests.test_phase_f_cleanup.TestPhaseF" name="test_06_steps_route_works" time="0.575" /><testcase classname="tests.test_phase_f_cleanup.TestPhaseF" name="test_07_project_timeline_has_timeline_id" time="2.072" /><testcase classname="tests.test_phase_f_cleanup.TestPhaseF" name="test_08_project_timeline_steps_have_timeline_id" time="2.039" /><testcase classname="tests.test_phase_f_cleanup.TestPhaseF" name="test_09_timeline_full_endpoint" time="0.556" /><testcase classname="tests.test_phase_f_cleanup.TestPhaseF" name="test_10_workflow_full_endpoint" time="0.783" /><testcase classname="tests.test_phase_f_cleanup.TestPhaseF" name="test_11_get_clients" time="0.356" /><testcase classname="tests.test_phase_f_cleanup.TestPhaseF" name="test_12_get_documents" time="0.381" /><testcase classname="tests.test_phase_f_cleanup.TestPhaseF" name="test_13_agent_dashboard" time="0.560" /><testcase classname="tests.test_phase_f_cleanup.TestPhaseF" name="test_14_agent_stats" time="1.015" /><testcase classname="tests.test_phase_f_cleanup.TestPhaseF" name="test_15_no_objectid_serialization_errors" time="7.856" /><testcase classname="tests.test_phase_f_cleanup.TestPhaseF" name="test_16_no_id_fields_leaked" time="7.741" /></testsuite></testsuites>