<?xml version="1.0" encoding="utf-8"?><testsuites name="pytest tests"><testsuite name="pytest" errors="0" failures="0" skipped="0" tests="20" time="26.164" timestamp="2026-04-11T08:03:28.444845+00:00" hostname="agent-env-946e1f0a-066a-4a0f-8537-83bf3998a779"><testcase classname="tests.test_phase3_orchestration.TestPhase3Setup" name="test_health_check" time="2.446" /><testcase classname="tests.test_phase3_orchestration.TestPhase3Setup" name="test_login_success" time="0.446" /><testcase classname="tests.test_phase3_orchestration.TestCommandInterpret" name="test_interpret_quote_command" time="0.440" /><testcase classname="tests.test_phase3_orchestration.TestCommandInterpret" name="test_interpret_invoice_command" time="0.448" /><testcase classname="tests.test_phase3_orchestration.TestCommandInterpret" name="test_interpret_message_command" time="0.328" /><testcase classname="tests.test_phase3_orchestration.TestCommandDraft" name="test_create_quote_draft" time="0.873" /><testcase classname="tests.test_phase3_orchestration.TestCommandExecute" name="test_execute_quote_routes_to_document_service" time="2.466" /><testcase classname="tests.test_phase3_orchestration.TestCommandExecute" name="test_execute_invoice_routes_to_document_service" time="2.158" /><testcase classname="tests.test_phase3_orchestration.TestCommandExecute" name="test_execute_message_routes_to_activity_service" time="3.800" /><testcase classname="tests.test_phase3_orchestration.TestDraftIdempotency" name="test_idempotent_execution" time="2.454" /><testcase classname="tests.test_phase3_orchestration.TestDraftCancellation" name="test_cancel_draft" time="1.885" /><testcase classname="tests.test_phase3_orchestration.TestCommandTools" name="test_list_tools_returns_7" time="0.206" /><testcase classname="tests.test_phase3_orchestration.TestCommandHistory" name="test_history_no_is_demo" time="0.433" /><testcase classname="tests.test_phase3_orchestration.TestCommandDrafts" name="test_list_drafts_no_is_demo" time="0.324" /><testcase classname="tests.test_phase3_orchestration.TestNotificationCanonicalization" name="test_get_notifications_no_is_demo" time="0.319" /><testcase classname="tests.test_phase3_orchestration.TestNotificationCanonicalization" name="test_mark_all_read" time="0.340" /><testcase classname="tests.test_phase3_orchestration.TestNoNotificationBridgeImports" name="test_no_notification_bridge_in_codebase" time="0.007" /><testcase classname="tests.test_phase3_orchestration.TestSendMilestoneNotificationSignature" name="test_send_milestone_notification_no_is_demo_param" time="0.003" /><testcase classname="tests.test_phase3_orchestration.TestDocumentsCreatedViaCommandVisible" name="test_command_created_document_in_documents_list" time="2.475" /><testcase classname="tests.test_phase3_orchestration.TestActivitiesCreatedViaCommandQueryable" name="test_command_created_activity_in_activities_list" time="4.218" /></testsuite></testsuites>