<?xml version="1.0" encoding="utf-8"?><testsuites name="pytest tests"><testsuite name="pytest" errors="0" failures="0" skipped="0" tests="13" time="6.302" timestamp="2026-04-11T22:02:23.171793+00:00" hostname="agent-env-946e1f0a-066a-4a0f-8537-83bf3998a779"><testcase classname="backend.tests.test_iteration26_organs.TestClientContextEnrichment" name="test_clients_list_returns_unit_reference" time="1.045" /><testcase classname="backend.tests.test_iteration26_organs.TestClientContextEnrichment" name="test_clients_list_returns_project_name" time="0.563" /><testcase classname="backend.tests.test_iteration26_organs.TestChangeRequestThread" name="test_buyer_can_see_change_request_thread" time="0.785" /><testcase classname="backend.tests.test_iteration26_organs.TestChangeRequestThread" name="test_change_request_status_visible" time="0.346" /><testcase classname="backend.tests.test_iteration26_organs.TestBuyerTimeline" name="test_timeline_returns_documents" time="0.559" /><testcase classname="backend.tests.test_iteration26_organs.TestBuyerTimeline" name="test_timeline_includes_project_info" time="0.559" /><testcase classname="backend.tests.test_iteration26_organs.TestAgentDocumentActions" name="test_agent_can_get_document" time="0.563" /><testcase classname="backend.tests.test_iteration26_organs.TestAgentDocumentActions" name="test_agent_documents_list" time="0.564" /><testcase classname="backend.tests.test_iteration26_organs.TestVaultSystem" name="test_vault_list_endpoint" time="0.345" /><testcase classname="backend.tests.test_iteration26_organs.TestVaultSystem" name="test_vault_upload_endpoint_exists" time="0.232" /><testcase classname="backend.tests.test_iteration26_organs.TestAuthHeadersOnActions" name="test_document_send_requires_auth" time="0.122" /><testcase classname="backend.tests.test_iteration26_organs.TestAuthHeadersOnActions" name="test_document_delete_requires_auth" time="0.116" /><testcase classname="backend.tests.test_iteration26_organs.TestAuthHeadersOnActions" name="test_document_send_with_auth" time="0.446" /></testsuite></testsuites>