<?xml version="1.0" encoding="utf-8"?><testsuites name="pytest tests"><testsuite name="pytest" errors="0" failures="0" skipped="0" tests="33" time="44.470" timestamp="2026-04-11T10:48:38.059255+00:00" hostname="agent-env-946e1f0a-066a-4a0f-8537-83bf3998a779"><testcase classname="backend.tests.test_phase4_billing_rebuild.TestBillingPlans" name="test_plans_returns_4_plans" time="3.334" /><testcase classname="backend.tests.test_phase4_billing_rebuild.TestBillingPlans" name="test_free_plan_correct_pricing" time="0.433" /><testcase classname="backend.tests.test_phase4_billing_rebuild.TestBillingPlans" name="test_starter_plan_correct_pricing" time="0.445" /><testcase classname="backend.tests.test_phase4_billing_rebuild.TestBillingPlans" name="test_pro_plan_correct_pricing" time="0.440" /><testcase classname="backend.tests.test_phase4_billing_rebuild.TestBillingPlans" name="test_enterprise_plan_correct_pricing" time="0.436" /><testcase classname="backend.tests.test_phase4_billing_rebuild.TestBillingStatus" name="test_status_returns_entitlement_fields" time="0.667" /><testcase classname="backend.tests.test_phase4_billing_rebuild.TestBillingStatus" name="test_status_returns_stripe_fields" time="0.649" /><testcase classname="backend.tests.test_phase4_billing_rebuild.TestBillingStatus" name="test_demo_agent_has_pro_plan" time="8.143" /><testcase classname="backend.tests.test_phase4_billing_rebuild.TestCheckoutSession" name="test_checkout_starter_plan_success" time="1.486" /><testcase classname="backend.tests.test_phase4_billing_rebuild.TestCheckoutSession" name="test_checkout_pro_plan_success" time="1.229" /><testcase classname="backend.tests.test_phase4_billing_rebuild.TestCheckoutSession" name="test_checkout_free_plan_returns_400" time="0.422" /><testcase classname="backend.tests.test_phase4_billing_rebuild.TestCheckoutSession" name="test_checkout_enterprise_plan_returns_400" time="0.454" /><testcase classname="backend.tests.test_phase4_billing_rebuild.TestCheckoutSession" name="test_checkout_invalid_plan_returns_400" time="0.421" /><testcase classname="backend.tests.test_phase4_billing_rebuild.TestWebhookEvents" name="test_checkout_session_completed_updates_subscription" time="0.874" /><testcase classname="backend.tests.test_phase4_billing_rebuild.TestWebhookEvents" name="test_subscription_updated_changes_status" time="1.007" /><testcase classname="backend.tests.test_phase4_billing_rebuild.TestWebhookEvents" name="test_subscription_deleted_downgrades_to_free" time="1.408" /><testcase classname="backend.tests.test_phase4_billing_rebuild.TestWebhookEvents" name="test_payment_failed_sets_past_due" time="1.173" /><testcase classname="backend.tests.test_phase4_billing_rebuild.TestCancelSubscription" name="test_cancel_returns_400_when_no_subscription" time="1.317" /><testcase classname="backend.tests.test_phase4_billing_rebuild.TestSyncSubscription" name="test_sync_returns_status" time="0.716" /><testcase classname="backend.tests.test_phase4_billing_rebuild.TestVerifySession" name="test_verify_session_with_invalid_session" time="0.599" /><testcase classname="backend.tests.test_phase4_billing_rebuild.TestEntitlementEnforcement" name="test_free_plan_unit_limit_enforcement" time="4.069" /><testcase classname="backend.tests.test_phase4_billing_rebuild.TestEntitlementEnforcement" name="test_upgrade_allows_more_units" time="4.494" /><testcase classname="backend.tests.test_phase4_billing_rebuild.TestAuthRequirements" name="test_plans_requires_auth" time="0.094" /><testcase classname="backend.tests.test_phase4_billing_rebuild.TestAuthRequirements" name="test_status_requires_auth" time="0.098" /><testcase classname="backend.tests.test_phase4_billing_rebuild.TestAuthRequirements" name="test_checkout_requires_auth" time="0.097" /><testcase classname="backend.tests.test_phase4_billing_rebuild.TestAuthRequirements" name="test_verify_session_requires_auth" time="0.098" /><testcase classname="backend.tests.test_phase4_billing_rebuild.TestAuthRequirements" name="test_cancel_requires_auth" time="0.096" /><testcase classname="backend.tests.test_phase4_billing_rebuild.TestAuthRequirements" name="test_sync_requires_auth" time="0.100" /><testcase classname="backend.tests.test_phase4_billing_rebuild.TestAuthRequirements" name="test_portal_requires_auth" time="0.110" /><testcase classname="backend.tests.test_phase4_billing_rebuild.TestCanonicalUpdatePath" name="test_webhook_and_verify_produce_same_state" time="0.878" /><testcase classname="backend.tests.test_phase4_billing_rebuild.TestDemoSeedAndLogin" name="test_demo_seed_works" time="7.268" /><testcase classname="backend.tests.test_phase4_billing_rebuild.TestDemoSeedAndLogin" name="test_demo_agent_login_works" time="0.230" /><testcase classname="backend.tests.test_phase4_billing_rebuild.TestDemoSeedAndLogin" name="test_demo_agent_dashboard_access" time="1.069" /></testsuite></testsuites>