<?xml version="1.0" encoding="utf-8"?><testsuites name="pytest tests"><testsuite name="pytest" errors="0" failures="0" skipped="0" tests="35" time="16.087" timestamp="2026-04-12T14:15:01.098962+00:00" hostname="agent-env-946e1f0a-066a-4a0f-8537-83bf3998a779"><testcase classname="tests.test_debug_console.TestDebugAuth" name="test_health_without_auth_returns_401" time="6.265" /><testcase classname="tests.test_debug_console.TestDebugAuth" name="test_health_with_wrong_token_returns_401" time="0.124" /><testcase classname="tests.test_debug_console.TestDebugAuth" name="test_health_with_valid_token_returns_200" time="0.443" /><testcase classname="tests.test_debug_console.TestDebugAuth" name="test_traces_without_auth_returns_401" time="0.098" /><testcase classname="tests.test_debug_console.TestDebugAuth" name="test_verifications_without_auth_returns_401" time="0.099" /><testcase classname="tests.test_debug_console.TestDebugHealth" name="test_health_returns_trace_count" time="0.458" /><testcase classname="tests.test_debug_console.TestDebugHealth" name="test_health_returns_collections" time="0.471" /><testcase classname="tests.test_debug_console.TestDebugTraces" name="test_list_traces_returns_array" time="0.570" /><testcase classname="tests.test_debug_console.TestDebugTraces" name="test_traces_with_limit" time="0.330" /><testcase classname="tests.test_debug_console.TestDebugTraces" name="test_traces_errors_only_filter" time="0.337" /><testcase classname="tests.test_debug_console.TestDebugTraces" name="test_traces_method_filter" time="0.348" /><testcase classname="tests.test_debug_console.TestDebugTraces" name="test_traces_outcome_filter" time="0.336" /><testcase classname="tests.test_debug_console.TestDebugTraces" name="test_traces_action_filter" time="0.334" /><testcase classname="tests.test_debug_console.TestDebugTraces" name="test_trace_structure" time="0.334" /><testcase classname="tests.test_debug_console.TestDebugEntityInspector" name="test_inspect_document_entity" time="0.699" /><testcase classname="tests.test_debug_console.TestDebugEntityInspector" name="test_inspect_invalid_entity_type" time="0.106" /><testcase classname="tests.test_debug_console.TestDebugEntityInspector" name="test_inspect_nonexistent_entity" time="0.695" /><testcase classname="tests.test_debug_console.TestDebugEntityInspector" name="test_inspect_client_entity" time="0.560" /><testcase classname="tests.test_debug_console.TestDebugEntityInspector" name="test_inspect_change_request_entity" time="0.565" /><testcase classname="tests.test_debug_console.TestDebugVerifications" name="test_list_verifications" time="0.222" /><testcase classname="tests.test_debug_console.TestDebugVerifications" name="test_verification_item_structure" time="0.215" /><testcase classname="tests.test_debug_console.TestDebugVerifications" name="test_update_verification_status" time="0.464" /><testcase classname="tests.test_debug_console.TestDebugVerifications" name="test_update_verification_invalid_status" time="0.331" /><testcase classname="tests.test_debug_console.TestDebugVerifications" name="test_update_nonexistent_verification" time="0.232" /><testcase classname="tests.test_debug_console.TestDebugStaticAssets" name="test_debug_console_html_served" time="0.105" /><testcase classname="tests.test_debug_console.TestDebugStaticAssets" name="test_css_served" time="0.116" /><testcase classname="tests.test_debug_console.TestDebugStaticAssets" name="test_js_api_served" time="0.200" /><testcase classname="tests.test_debug_console.TestDebugStaticAssets" name="test_js_traces_served" time="0.113" /><testcase classname="tests.test_debug_console.TestDebugStaticAssets" name="test_js_entity_inspector_served" time="0.114" /><testcase classname="tests.test_debug_console.TestDebugStaticAssets" name="test_js_verifications_served" time="0.123" /><testcase classname="tests.test_debug_console.TestDebugPathTraversal" name="test_path_traversal_blocked_js" time="0.117" /><testcase classname="tests.test_debug_console.TestDebugPathTraversal" name="test_path_traversal_blocked_css" time="0.119" /><testcase classname="tests.test_debug_console.TestDebugPathTraversal" name="test_path_traversal_with_backslash" time="0.122" /><testcase classname="tests.test_debug_console.TestDebugPathTraversal" name="test_nonexistent_js_file" time="0.113" /><testcase classname="tests.test_debug_console.TestDebugPathTraversal" name="test_nonexistent_css_file" time="0.105" /></testsuite></testsuites>