<?xml version="1.0" encoding="utf-8"?><testsuites name="pytest tests"><testsuite name="pytest" errors="0" failures="0" skipped="0" tests="33" time="69.839" timestamp="2026-04-11T07:09:56.251894+00:00" hostname="agent-env-946e1f0a-066a-4a0f-8537-83bf3998a779"><testcase classname="tests.test_phase1_canonical.TestHealthEndpoints" name="test_health_endpoint" time="7.640" /><testcase classname="tests.test_phase1_canonical.TestHealthEndpoints" name="test_ready_endpoint" time="0.236" /><testcase classname="tests.test_phase1_canonical.TestProjectsV2" name="test_list_projects" time="1.017" /><testcase classname="tests.test_phase1_canonical.TestProjectsV2" name="test_create_project" time="0.586" /><testcase classname="tests.test_phase1_canonical.TestProjectsV2" name="test_update_project" time="1.687" /><testcase classname="tests.test_phase1_canonical.TestProjectsV2" name="test_delete_project_with_clients_fails" time="2.626" /><testcase classname="tests.test_phase1_canonical.TestProjectsV2" name="test_delete_project_success" time="1.114" /><testcase classname="tests.test_phase1_canonical.TestClientsV2" name="test_list_clients" time="0.333" /><testcase classname="tests.test_phase1_canonical.TestClientsV2" name="test_create_client" time="0.905" /><testcase classname="tests.test_phase1_canonical.TestClientsV2" name="test_get_client" time="1.328" /><testcase classname="tests.test_phase1_canonical.TestClientsV2" name="test_update_client" time="1.597" /><testcase classname="tests.test_phase1_canonical.TestClientsV2" name="test_delete_client" time="0.884" /><testcase classname="tests.test_phase1_canonical.TestUnitsV2" name="test_list_units" time="1.556" /><testcase classname="tests.test_phase1_canonical.TestUnitsV2" name="test_create_unit" time="2.469" /><testcase classname="tests.test_phase1_canonical.TestUnitsV2" name="test_get_unit" time="2.955" /><testcase classname="tests.test_phase1_canonical.TestUnitsV2" name="test_update_unit" time="3.126" /><testcase classname="tests.test_phase1_canonical.TestUnitsV2" name="test_delete_unit" time="2.578" /><testcase classname="tests.test_phase1_canonical.TestTimelinesV2" name="test_create_manual_timeline" time="3.974" /><testcase classname="tests.test_phase1_canonical.TestTimelinesV2" name="test_get_project_timeline" time="4.424" /><testcase classname="tests.test_phase1_canonical.TestTimelinesV2" name="test_delete_timeline_cascade" time="3.290" /><testcase classname="tests.test_phase1_canonical.TestTimelineStepsV2" name="test_update_step_status" time="3.514" /><testcase classname="tests.test_phase1_canonical.TestTimelineStepsV2" name="test_add_step_to_timeline" time="3.534" /><testcase classname="tests.test_phase1_canonical.TestTimelineStepsV2" name="test_delete_step" time="4.044" /><testcase classname="tests.test_phase1_canonical.TestTimelineStepsV2" name="test_list_steps_via_steps_v2" time="3.292" /><testcase classname="tests.test_phase1_canonical.TestTimelineTemplates" name="test_list_templates" time="0.325" /><testcase classname="tests.test_phase1_canonical.TestTimelineTemplates" name="test_create_template" time="1.263" /><testcase classname="tests.test_phase1_canonical.TestTimelineTemplates" name="test_delete_template" time="1.153" /><testcase classname="tests.test_phase1_canonical.TestTimelineTemplates" name="test_apply_template" time="4.230" /><testcase classname="tests.test_phase1_canonical.TestDashboardEndpoints" name="test_agent_dashboard" time="0.553" /><testcase classname="tests.test_phase1_canonical.TestDashboardEndpoints" name="test_project_context" time="1.702" /><testcase classname="tests.test_phase1_canonical.TestLegacyTeamEndpoints" name="test_team_endpoint_exists" time="1.565" /><testcase classname="tests.test_phase1_canonical.TestRemovedEndpoints" name="test_timeline_extract_removed" time="0.105" /><testcase classname="tests.test_phase1_canonical.TestRemovedEndpoints" name="test_timeline_extractions_removed" time="0.124" /></testsuite></testsuites>