<?xml version="1.0" encoding="utf-8"?><testsuites name="pytest tests"><testsuite name="pytest" errors="0" failures="1" skipped="6" tests="20" time="15.917" timestamp="2026-04-11T20:33:29.010533+00:00" hostname="agent-env-946e1f0a-066a-4a0f-8537-83bf3998a779"><testcase classname="backend.tests.test_decisions_module.TestDecisionsBackend" name="test_agent_login" time="4.201"><failure message="AssertionError: assert None == 'agent'&#10; +  where None = &lt;built-in method get of dict object at 0xfcdb7849aa00&gt;('role')&#10; +    where &lt;built-in method get of dict object at 0xfcdb7849aa00&gt; = {'authenticated': True, 'user': {'email': 'agent@evohome-test.ch', 'name': 'Test Agent', 'role': 'agent', 'user_id': 'agent_eff93d3f8283'}}.get">backend/tests/test_decisions_module.py:90: in test_agent_login
    assert data.get("role") == "agent"
E   AssertionError: assert None == 'agent'
E    +  where None = &lt;built-in method get of dict object at 0xfcdb7849aa00&gt;('role')
E    +    where &lt;built-in method get of dict object at 0xfcdb7849aa00&gt; = {'authenticated': True, 'user': {'email': 'agent@evohome-test.ch', 'name': 'Test Agent', 'role': 'agent', 'user_id': 'agent_eff93d3f8283'}}.get</failure></testcase><testcase classname="backend.tests.test_decisions_module.TestDecisionsBackend" name="test_create_decision_agent_only" time="0.768" /><testcase classname="backend.tests.test_decisions_module.TestDecisionsBackend" name="test_list_decisions" time="0.611" /><testcase classname="backend.tests.test_decisions_module.TestDecisionsBackend" name="test_get_decision_detail" time="0.493" /><testcase classname="backend.tests.test_decisions_module.TestDecisionsBackend" name="test_update_draft_decision" time="0.512" /><testcase classname="backend.tests.test_decisions_module.TestDecisionsBackend" name="test_send_decision_to_buyers" time="0.726" /><testcase classname="backend.tests.test_decisions_module.TestDecisionsBackend" name="test_buyer_login" time="0.235"><skipped type="pytest.skip" message="Buyer login failed: 401 - {&quot;detail&quot;:&quot;Invalid credentials&quot;}">/app/backend/tests/test_decisions_module.py:180: Buyer login failed: 401 - {"detail":"Invalid credentials"}</skipped></testcase><testcase classname="backend.tests.test_decisions_module.TestDecisionsBackend" name="test_buyer_list_decisions" time="0.000"><skipped type="pytest.skip" message="Buyer login failed: 401 - {&quot;detail&quot;:&quot;Invalid credentials&quot;}">/app/backend/tests/test_decisions_module.py:188: Buyer login failed: 401 - {"detail":"Invalid credentials"}</skipped></testcase><testcase classname="backend.tests.test_decisions_module.TestDecisionsBackend" name="test_buyer_approve_decision" time="0.000"><skipped type="pytest.skip" message="Buyer login failed: 401 - {&quot;detail&quot;:&quot;Invalid credentials&quot;}">/app/backend/tests/test_decisions_module.py:203: Buyer login failed: 401 - {"detail":"Invalid credentials"}</skipped></testcase><testcase classname="backend.tests.test_decisions_module.TestDecisionsBackend" name="test_buyer_reject_decision" time="0.000"><skipped type="pytest.skip" message="Buyer login failed: 401 - {&quot;detail&quot;:&quot;Invalid credentials&quot;}">/app/backend/tests/test_decisions_module.py:231: Buyer login failed: 401 - {"detail":"Invalid credentials"}</skipped></testcase><testcase classname="backend.tests.test_decisions_module.TestDecisionsBackend" name="test_buyer_request_change" time="0.000"><skipped type="pytest.skip" message="Buyer login failed: 401 - {&quot;detail&quot;:&quot;Invalid credentials&quot;}">/app/backend/tests/test_decisions_module.py:272: Buyer login failed: 401 - {"detail":"Invalid credentials"}</skipped></testcase><testcase classname="backend.tests.test_decisions_module.TestDecisionsBackend" name="test_agent_resend_change_requested_decision" time="0.000"><skipped type="pytest.skip" message="No change-requested decision available">/app/backend/tests/test_decisions_module.py:317: No change-requested decision available</skipped></testcase><testcase classname="backend.tests.test_decisions_module.TestDecisionsBackend" name="test_close_decision" time="1.390" /><testcase classname="backend.tests.test_decisions_module.TestDecisionsBackend" name="test_delete_draft_decision" time="1.049" /><testcase classname="backend.tests.test_decisions_module.TestDecisionsBackend" name="test_cannot_delete_sent_decision" time="1.256" /><testcase classname="backend.tests.test_decisions_module.TestDecisionsBackend" name="test_agent_stats_includes_pending_decisions" time="1.388" /><testcase classname="backend.tests.test_decisions_module.TestDecisionsBackend" name="test_list_decisions_with_status_filter" time="0.611" /><testcase classname="backend.tests.test_decisions_module.TestDecisionsBackend" name="test_list_decisions_with_project_filter" time="0.602" /><testcase classname="backend.tests.test_decisions_module.TestDecisionsChangeRequestIntegration" name="test_change_request_created_for_decision" time="0.878" /><testcase classname="backend.tests.test_decisions_module.TestCleanup" name="test_cleanup_test_decisions" time="1.095" /></testsuite></testsuites>