<?xml version="1.0" encoding="utf-8"?><testsuites name="pytest tests"><testsuite name="pytest" errors="0" failures="0" skipped="0" tests="16" time="18.960" timestamp="2026-04-10T17:46:02.194057+00:00" hostname="agent-env-946e1f0a-066a-4a0f-8537-83bf3998a779"><testcase classname="backend.tests.test_phase_c_compat_layer.TestAuthAndHealth" name="test_health_endpoint" time="0.253" /><testcase classname="backend.tests.test_phase_c_compat_layer.TestAuthAndHealth" name="test_login_with_demo_credentials" time="0.462" /><testcase classname="backend.tests.test_phase_c_compat_layer.TestProjectEndpoints" name="test_get_projects" time="1.109" /><testcase classname="backend.tests.test_phase_c_compat_layer.TestProjectEndpoints" name="test_get_project_units" time="1.004" /><testcase classname="backend.tests.test_phase_c_compat_layer.TestDeprecatedStagesRoute" name="test_get_project_stages_deprecated" time="0.676" /><testcase classname="backend.tests.test_phase_c_compat_layer.TestCanonicalStepsRoute" name="test_get_project_steps_canonical" time="0.700" /><testcase classname="backend.tests.test_phase_c_compat_layer.TestStagesStepsConsistency" name="test_stages_steps_consistency" time="1.385" /><testcase classname="backend.tests.test_phase_c_compat_layer.TestProjectTimelineEndpoint" name="test_project_timeline_has_timeline_id" time="2.197" /><testcase classname="backend.tests.test_phase_c_compat_layer.TestProjectTimelineEndpoint" name="test_project_timeline_steps_have_timeline_id" time="2.121" /><testcase classname="backend.tests.test_phase_c_compat_layer.TestTimelineFullEndpoint" name="test_timeline_full_returns_timeline_id" time="0.685" /><testcase classname="backend.tests.test_phase_c_compat_layer.TestWorkflowFullEndpoint" name="test_workflow_full_returns_timeline_id" time="0.918" /><testcase classname="backend.tests.test_phase_c_compat_layer.TestOtherCRUDEndpoints" name="test_get_clients" time="0.344" /><testcase classname="backend.tests.test_phase_c_compat_layer.TestOtherCRUDEndpoints" name="test_get_documents" time="0.328" /><testcase classname="backend.tests.test_phase_c_compat_layer.TestOtherCRUDEndpoints" name="test_agent_dashboard" time="0.557" /><testcase classname="backend.tests.test_phase_c_compat_layer.TestOtherCRUDEndpoints" name="test_agent_stats" time="1.029" /><testcase classname="backend.tests.test_phase_c_compat_layer.TestTimelineIdNormalizationDeep" name="test_no_project_timeline_id_in_any_response" time="5.112" /></testsuite></testsuites>