<?xml version="1.0" encoding="utf-8"?><testsuites name="pytest tests"><testsuite name="pytest" errors="0" failures="0" skipped="0" tests="24" time="82.509" timestamp="2026-04-11T10:10:35.343420+00:00" hostname="agent-env-946e1f0a-066a-4a0f-8537-83bf3998a779"><testcase classname="tests.test_is_demo_purge.TestDemoSeedEndpoint" name="test_demo_seed_returns_credentials" time="19.178" /><testcase classname="tests.test_is_demo_purge.TestDemoSeedEndpoint" name="test_demo_seed_idempotency" time="16.853" /><testcase classname="tests.test_is_demo_purge.TestDemoLoginEndpoints" name="test_demo_agent_login" time="7.652" /><testcase classname="tests.test_is_demo_purge.TestDemoLoginEndpoints" name="test_demo_buyer_login_buyer1" time="7.610" /><testcase classname="tests.test_is_demo_purge.TestDemoLoginEndpoints" name="test_demo_buyer_login_buyer2" time="7.631" /><testcase classname="tests.test_is_demo_purge.TestDemoLoginEndpoints" name="test_demo_agent_login_with_credentials" time="8.349" /><testcase classname="tests.test_is_demo_purge.TestAuthEndpointsNoIsDemo" name="test_auth_me_no_is_demo" time="1.164" /><testcase classname="tests.test_is_demo_purge.TestAuthEndpointsNoIsDemo" name="test_auth_session_no_is_demo" time="0.211" /><testcase classname="tests.test_is_demo_purge.TestTeamInvitationsNoIsDemo" name="test_create_team_invitation" time="0.789" /><testcase classname="tests.test_is_demo_purge.TestTeamInvitationsNoIsDemo" name="test_list_team_invitations" time="0.331" /><testcase classname="tests.test_is_demo_purge.TestTeamInvitationsNoIsDemo" name="test_list_team_members" time="0.336" /><testcase classname="tests.test_is_demo_purge.TestDemoDataRelationships" name="test_project_exists" time="0.568" /><testcase classname="tests.test_is_demo_purge.TestDemoDataRelationships" name="test_clients_linked_to_project" time="0.324" /><testcase classname="tests.test_is_demo_purge.TestDemoDataRelationships" name="test_documents_linked_to_clients" time="0.558" /><testcase classname="tests.test_is_demo_purge.TestDemoDataRelationships" name="test_activities_exist" time="4.547" /><testcase classname="tests.test_is_demo_purge.TestAgentRegistrationNoIsDemo" name="test_register_new_agent_no_is_demo" time="1.293" /><testcase classname="tests.test_is_demo_purge.TestE2EAgentAccess" name="test_e2e_agent_login" time="0.434" /><testcase classname="tests.test_is_demo_purge.TestE2EAgentAccess" name="test_e2e_agent_access_projects" time="1.885" /><testcase classname="tests.test_is_demo_purge.TestE2EAgentAccess" name="test_e2e_agent_access_clients" time="0.320" /><testcase classname="tests.test_is_demo_purge.TestE2EAgentAccess" name="test_e2e_agent_access_documents" time="0.335" /><testcase classname="tests.test_is_demo_purge.TestDemoIdNamespaceConvention" name="test_demo_user_ids_use_prefix" time="0.687" /><testcase classname="tests.test_is_demo_purge.TestDemoIdNamespaceConvention" name="test_demo_project_id_uses_prefix" time="0.548" /><testcase classname="tests.test_is_demo_purge.TestDemoIdNamespaceConvention" name="test_demo_client_ids_use_prefix" time="0.326" /><testcase classname="tests.test_is_demo_purge.TestDemoIdNamespaceConvention" name="test_demo_document_ids_use_prefix" time="0.479" /></testsuite></testsuites>