<?xml version="1.0" encoding="utf-8"?><testsuites name="pytest tests"><testsuite name="pytest" errors="0" failures="0" skipped="0" tests="18" time="22.617" timestamp="2026-04-10T23:36:10.534478+00:00" hostname="agent-env-946e1f0a-066a-4a0f-8537-83bf3998a779"><testcase classname="tests.test_iteration5_single_session.TestHealthAndReadiness" name="test_health_check" time="3.363" /><testcase classname="tests.test_iteration5_single_session.TestHealthAndReadiness" name="test_readiness_check" time="0.211" /><testcase classname="tests.test_iteration5_single_session.TestAuthFlow" name="test_register_and_login" time="0.981" /><testcase classname="tests.test_iteration5_single_session.TestProjectAndUnits" name="test_create_project" time="2.612" /><testcase classname="tests.test_iteration5_single_session.TestProjectAndUnits" name="test_get_project_context" time="0.495" /><testcase classname="tests.test_iteration5_single_session.TestDocumentOperations" name="test_create_document_with_items" time="0.619" /><testcase classname="tests.test_iteration5_single_session.TestDocumentOperations" name="test_upload_hero_image" time="1.003" /><testcase classname="tests.test_iteration5_single_session.TestDocumentOperations" name="test_generate_pdf" time="1.146" /><testcase classname="tests.test_iteration5_single_session.TestClientPreview" name="test_client_preview" time="0.827" /><testcase classname="tests.test_iteration5_single_session.TestCommandCenterOperations" name="test_classify_document_image" time="1.159" /><testcase classname="tests.test_iteration5_single_session.TestCommandCenterOperations" name="test_extract_document_type_unknown" time="2.301" /><testcase classname="tests.test_iteration5_single_session.TestCommandCenterOperations" name="test_extract_document_type_quote" time="2.120" /><testcase classname="tests.test_iteration5_single_session.TestDocumentUpload" name="test_upload_pdf_document" time="1.760" /><testcase classname="tests.test_iteration5_single_session.TestVaultUpload" name="test_upload_vault_document" time="0.275" /><testcase classname="tests.test_iteration5_single_session.TestActivities" name="test_post_activity_with_form_data" time="1.391" /><testcase classname="tests.test_iteration5_single_session.TestBillingCheckout" name="test_create_checkout_session" time="0.774" /><testcase classname="tests.test_iteration5_single_session.TestTimelineSteps" name="test_timeline_steps_crud" time="1.103" /><testcase classname="tests.test_iteration5_single_session.TestNotifications" name="test_get_notifications" time="0.386" /></testsuite></testsuites>