<?xml version="1.0" encoding="utf-8"?><testsuites name="pytest tests"><testsuite name="pytest" errors="0" failures="0" skipped="0" tests="32" time="36.998" timestamp="2026-04-11T07:39:58.264492+00:00" hostname="agent-env-946e1f0a-066a-4a0f-8537-83bf3998a779"><testcase classname="backend.tests.test_phase2_content_layer.TestHealthEndpoints" name="test_health_liveness" time="0.176" /><testcase classname="backend.tests.test_phase2_content_layer.TestHealthEndpoints" name="test_health_readiness" time="0.217" /><testcase classname="backend.tests.test_phase2_content_layer.TestAuthentication" name="test_login_response_structure" time="2.444" /><testcase classname="backend.tests.test_phase2_content_layer.TestPhase1Regression" name="test_get_projects" time="0.780" /><testcase classname="backend.tests.test_phase2_content_layer.TestPhase1Regression" name="test_get_clients" time="0.339" /><testcase classname="backend.tests.test_phase2_content_layer.TestPhase1Regression" name="test_get_project_timeline" time="1.242" /><testcase classname="backend.tests.test_phase2_content_layer.TestActivityModule" name="test_list_activities" time="1.033" /><testcase classname="backend.tests.test_phase2_content_layer.TestActivityModule" name="test_create_activity" time="2.582" /><testcase classname="backend.tests.test_phase2_content_layer.TestActivityModule" name="test_get_activity_detail" time="3.384" /><testcase classname="backend.tests.test_phase2_content_layer.TestActivityModule" name="test_reply_to_activity" time="2.948" /><testcase classname="backend.tests.test_phase2_content_layer.TestActivityModule" name="test_mark_activities_seen" time="0.336" /><testcase classname="backend.tests.test_phase2_content_layer.TestActivityModule" name="test_get_unread_count" time="0.458" /><testcase classname="backend.tests.test_phase2_content_layer.TestActivityModule" name="test_update_activity" time="2.923" /><testcase classname="backend.tests.test_phase2_content_layer.TestActivityModule" name="test_delete_activity" time="2.605" /><testcase classname="backend.tests.test_phase2_content_layer.TestDocumentModule" name="test_list_documents" time="0.323" /><testcase classname="backend.tests.test_phase2_content_layer.TestDocumentModule" name="test_create_document_from_preview" time="1.127" /><testcase classname="backend.tests.test_phase2_content_layer.TestDocumentModule" name="test_get_document" time="1.694" /><testcase classname="backend.tests.test_phase2_content_layer.TestDocumentModule" name="test_update_document" time="1.689" /><testcase classname="backend.tests.test_phase2_content_layer.TestDocumentModule" name="test_delete_document" time="1.485" /><testcase classname="backend.tests.test_phase2_content_layer.TestDocumentModule" name="test_send_document" time="2.023" /><testcase classname="backend.tests.test_phase2_content_layer.TestDocumentModule" name="test_revert_to_draft" time="1.459" /><testcase classname="backend.tests.test_phase2_content_layer.TestDocumentModule" name="test_get_document_pdf" time="1.758" /><testcase classname="backend.tests.test_phase2_content_layer.TestDocumentModule" name="test_get_timeline" time="0.328" /><testcase classname="backend.tests.test_phase2_content_layer.TestVaultModule" name="test_list_vault_documents" time="0.329" /><testcase classname="backend.tests.test_phase2_content_layer.TestVaultModule" name="test_get_vault_categories" time="0.215" /><testcase classname="backend.tests.test_phase2_content_layer.TestNotificationModule" name="test_list_notifications" time="0.327" /><testcase classname="backend.tests.test_phase2_content_layer.TestNotificationModule" name="test_mark_all_notifications_read" time="0.350" /><testcase classname="backend.tests.test_phase2_content_layer.TestIsDemoVerification" name="test_activities_no_is_demo" time="0.998" /><testcase classname="backend.tests.test_phase2_content_layer.TestIsDemoVerification" name="test_documents_no_is_demo" time="0.326" /><testcase classname="backend.tests.test_phase2_content_layer.TestIsDemoVerification" name="test_vault_no_is_demo" time="0.331" /><testcase classname="backend.tests.test_phase2_content_layer.TestIsDemoVerification" name="test_notifications_no_is_demo" time="0.328" /><testcase classname="backend.tests.test_phase2_content_layer.TestIsDemoVerification" name="test_timeline_no_is_demo" time="0.326" /></testsuite></testsuites>