<?xml version="1.0" encoding="utf-8"?><testsuites name="pytest tests"><testsuite name="pytest" errors="0" failures="0" skipped="0" tests="19" time="21.127" timestamp="2026-04-11T08:20:16.490500+00:00" hostname="agent-env-946e1f0a-066a-4a0f-8537-83bf3998a779"><testcase classname="backend.tests.test_notification_contract.TestNotificationResponseShape" name="test_response_is_object_not_array" time="3.092" /><testcase classname="backend.tests.test_notification_contract.TestNotificationFieldNames" name="test_notifications_have_is_read_field" time="0.458" /><testcase classname="backend.tests.test_notification_contract.TestNotificationFieldNames" name="test_notifications_have_no_is_demo_field" time="0.460" /><testcase classname="backend.tests.test_notification_contract.TestNotificationFieldNames" name="test_notifications_have_no_read_field" time="0.438" /><testcase classname="backend.tests.test_notification_contract.TestUnreadCount" name="test_unread_count_matches_actual" time="0.432" /><testcase classname="backend.tests.test_notification_contract.TestNotificationCreation" name="test_create_notification_via_internal_service" time="2.576" /><testcase classname="backend.tests.test_notification_contract.TestMarkNotificationRead" name="test_mark_single_notification_read" time="1.256" /><testcase classname="backend.tests.test_notification_contract.TestMarkAllNotificationsRead" name="test_mark_all_read_sets_unread_count_to_zero" time="2.932" /><testcase classname="backend.tests.test_notification_contract.TestMarkAllNotificationsRead" name="test_previously_read_stay_read_after_mark_all" time="1.219" /><testcase classname="backend.tests.test_notification_contract.TestCommandOrchestration" name="test_quote_intent_orchestration" time="2.174" /><testcase classname="backend.tests.test_notification_contract.TestCommandOrchestration" name="test_invoice_intent_orchestration" time="2.131" /><testcase classname="backend.tests.test_notification_contract.TestCommandOrchestration" name="test_message_intent_orchestration" time="1.884" /><testcase classname="backend.tests.test_notification_contract.TestNoIsDemoInResponses" name="test_no_is_demo_in_notifications" time="0.444" /><testcase classname="backend.tests.test_notification_contract.TestNoIsDemoInResponses" name="test_no_is_demo_in_command_interpret" time="0.436" /><testcase classname="backend.tests.test_notification_contract.TestNoIsDemoInResponses" name="test_no_is_demo_in_command_tools" time="0.218" /><testcase classname="backend.tests.test_notification_contract.TestMongoDBFieldVerification" name="test_no_read_field_in_mongodb" time="0.439" /><testcase classname="backend.tests.test_notification_contract.TestMongoDBFieldVerification" name="test_no_is_demo_field_in_mongodb" time="0.437" /><testcase classname="backend.tests.test_notification_contract.TestNotificationServiceCanonical" name="test_notification_service_exists" time="0.008" /><testcase classname="backend.tests.test_notification_contract.TestNotificationServiceCanonical" name="test_list_notifications_with_count_returns_dict" time="0.003" /></testsuite></testsuites>