<?xml version="1.0" encoding="utf-8"?><testsuites name="pytest tests"><testsuite name="pytest" errors="0" failures="2" skipped="0" tests="19" time="12.149" timestamp="2026-04-11T19:44:07.038096+00:00" hostname="agent-env-946e1f0a-066a-4a0f-8537-83bf3998a779"><testcase classname="backend.tests.test_bug_fixes_iteration23.TestBUG002_ClientProjectContext" name="test_clients_endpoint_returns_project_name" time="3.663" /><testcase classname="backend.tests.test_bug_fixes_iteration23.TestBUG002_ClientProjectContext" name="test_client_has_unit_reference" time="0.413" /><testcase classname="backend.tests.test_bug_fixes_iteration23.TestBUG003_HeroImageUpload" name="test_hero_image_upload_with_auth" time="0.733" /><testcase classname="backend.tests.test_bug_fixes_iteration23.TestBUG003_HeroImageUpload" name="test_hero_image_upload_without_auth_fails" time="0.105" /><testcase classname="backend.tests.test_bug_fixes_iteration23.TestBUG004_LogoUpload" name="test_logo_upload_endpoint_exists" time="0.681" /><testcase classname="backend.tests.test_bug_fixes_iteration23.TestBUG004_LogoUpload" name="test_logo_upload_without_auth_fails" time="0.119" /><testcase classname="backend.tests.test_bug_fixes_iteration23.TestBUG005_VaultUpload" name="test_vault_upload_with_project_and_clients" time="2.049" /><testcase classname="backend.tests.test_bug_fixes_iteration23.TestBUG005_VaultUpload" name="test_vault_upload_without_project" time="0.325" /><testcase classname="backend.tests.test_bug_fixes_iteration23.TestBUG005_VaultUpload" name="test_vault_upload_error_format" time="0.258" /><testcase classname="backend.tests.test_bug_fixes_iteration23.TestBUG006_ChangeRequestThread" name="test_change_request_entity_endpoint" time="0.559" /><testcase classname="backend.tests.test_bug_fixes_iteration23.TestBUG006_ChangeRequestThread" name="test_change_request_respond_endpoint" time="0.386"><failure message="AttributeError: 'str' object has no attribute 'get'">backend/tests/test_bug_fixes_iteration23.py:343: in test_change_request_respond_endpoint
    open_requests = [cr for cr in change_requests if cr.get("status") in ["open", "under_review"]]
                    ^^^^^^^^^^^^^^^^^^^^^^^^^^^^^^^^^^^^^^^^^^^^^^^^^^^^^^^^^^^^^^^^^^^^^^^^^^^^^^
backend/tests/test_bug_fixes_iteration23.py:343: in &lt;listcomp&gt;
    open_requests = [cr for cr in change_requests if cr.get("status") in ["open", "under_review"]]
                                                     ^^^^^^
E   AttributeError: 'str' object has no attribute 'get'</failure></testcase><testcase classname="backend.tests.test_bug_fixes_iteration23.TestDashboardAndFeed" name="test_dashboard_stats" time="0.049"><failure message="AssertionError: Stats endpoint failed: 404&#10;assert 404 == 200&#10; +  where 404 = &lt;Response [404]&gt;.status_code">backend/tests/test_bug_fixes_iteration23.py:370: in test_dashboard_stats
    assert res.status_code == 200, f"Stats endpoint failed: {res.status_code}"
E   AssertionError: Stats endpoint failed: 404
E   assert 404 == 200
E    +  where 404 = &lt;Response [404]&gt;.status_code</failure></testcase><testcase classname="backend.tests.test_bug_fixes_iteration23.TestDashboardAndFeed" name="test_activities_feed" time="1.066" /><testcase classname="backend.tests.test_bug_fixes_iteration23.TestNoAuthErrors" name="test_documents_no_401" time="0.270" /><testcase classname="backend.tests.test_bug_fixes_iteration23.TestNoAuthErrors" name="test_projects_no_401" time="0.499" /><testcase classname="backend.tests.test_bug_fixes_iteration23.TestNoAuthErrors" name="test_clients_no_401" time="0.383" /><testcase classname="backend.tests.test_bug_fixes_iteration23.TestNoAuthErrors" name="test_vault_no_401" time="0.054" /><testcase classname="backend.tests.test_bug_fixes_iteration23.TestNoAuthErrors" name="test_notifications_no_401" time="0.382" /><testcase classname="backend.tests.test_bug_fixes_iteration23.TestCleanup" name="test_cleanup_test_vault_documents" time="0.048" /></testsuite></testsuites>