<?xml version="1.0" encoding="utf-8"?><testsuites name="pytest tests"><testsuite name="pytest" errors="2" failures="0" skipped="2" tests="22" time="17.548" timestamp="2026-04-11T21:42:45.760697+00:00" hostname="agent-env-946e1f0a-066a-4a0f-8537-83bf3998a779"><testcase classname="tests.test_unified_upload_media.TestVaultUpload" name="test_vault_upload_pdf" time="4.486" /><testcase classname="tests.test_unified_upload_media.TestVaultUpload" name="test_vault_upload_image" time="0.357" /><testcase classname="tests.test_unified_upload_media.TestVaultUpload" name="test_vault_upload_invalid_type_rejected" time="0.233" /><testcase classname="tests.test_unified_upload_media.TestVaultList" name="test_vault_list_returns_array" time="0.802" /><testcase classname="tests.test_unified_upload_media.TestVaultList" name="test_vault_list_with_project_filter" time="0.271" /><testcase classname="tests.test_unified_upload_media.TestVaultCRUD" name="test_vault_get_single" time="1.051" /><testcase classname="tests.test_unified_upload_media.TestVaultCRUD" name="test_vault_update" time="0.821" /><testcase classname="tests.test_unified_upload_media.TestVaultCRUD" name="test_vault_download" time="0.618" /><testcase classname="tests.test_unified_upload_media.TestVaultCRUD" name="test_vault_download_requires_auth" time="0.426" /><testcase classname="tests.test_unified_upload_media.TestVaultCRUD" name="test_vault_delete" time="0.978" /><testcase classname="tests.test_unified_upload_media.TestHeroImage" name="test_hero_image_upload" time="1.393" /><testcase classname="tests.test_unified_upload_media.TestHeroImage" name="test_hero_image_public_access" time="1.091" /><testcase classname="tests.test_unified_upload_media.TestHeroImage" name="test_hero_image_delete" time="1.355" /><testcase classname="tests.test_unified_upload_media.TestHeroImage" name="test_hero_image_rejects_non_image" time="0.834" /><testcase classname="tests.test_unified_upload_media.TestLogoUpload" name="test_logo_upload" time="0.872"><skipped type="pytest.skip" message="Logo upload requires Pro plan">/app/backend/tests/test_unified_upload_media.py:423: Logo upload requires Pro plan</skipped></testcase><testcase classname="tests.test_unified_upload_media.TestLogoUpload" name="test_logo_public_access" time="0.270"><skipped type="pytest.skip" message="No logo uploaded">/app/backend/tests/test_unified_upload_media.py:445: No logo uploaded</skipped></testcase><testcase classname="tests.test_unified_upload_media.TestLogoUpload" name="test_logo_delete" time="0.662" /><testcase classname="tests.test_unified_upload_media.TestLogoUpload" name="test_logo_rejects_non_image" time="0.492" /><testcase classname="tests.test_unified_upload_media.TestOldEndpoints" name="test_old_vault_endpoint_returns_404" time="0.106" /><testcase classname="tests.test_unified_upload_media.TestVaultCategories" name="test_get_vault_categories" time="0.105"><error message="failed on setup with &quot;AssertionError: Agent login failed: {&quot;detail&quot;:&quot;Too many requests. Please try again later.&quot;}&#10;assert 429 == 200&#10; +  where 429 = &lt;Response [429]&gt;.status_code&quot;">tests/test_unified_upload_media.py:34: in agent_session
    assert res.status_code == 200, f"Agent login failed: {res.text}"
E   AssertionError: Agent login failed: {"detail":"Too many requests. Please try again later."}
E   assert 429 == 200
E    +  where 429 = &lt;Response [429]&gt;.status_code</error></testcase><testcase classname="tests.test_unified_upload_media.TestStaticFileServing" name="test_uploads_directory_accessible" time="0.106" /><testcase classname="tests.test_unified_upload_media.TestCleanup" name="test_cleanup_test_vault_documents" time="0.107"><error message="failed on setup with &quot;AssertionError: Agent login failed: {&quot;detail&quot;:&quot;Too many requests. Please try again later.&quot;}&#10;assert 429 == 200&#10; +  where 429 = &lt;Response [429]&gt;.status_code&quot;">tests/test_unified_upload_media.py:34: in agent_session
    assert res.status_code == 200, f"Agent login failed: {res.text}"
E   AssertionError: Agent login failed: {"detail":"Too many requests. Please try again later."}
E   assert 429 == 200
E    +  where 429 = &lt;Response [429]&gt;.status_code</error></testcase></testsuite></testsuites>