<?xml version="1.0" encoding="utf-8"?><testsuites name="pytest tests"><testsuite name="pytest" errors="0" failures="0" skipped="0" tests="14" time="10.094" timestamp="2026-04-10T21:49:51.680430+00:00" hostname="agent-env-946e1f0a-066a-4a0f-8537-83bf3998a779"><testcase classname="tests.test_canonical_fields_audit.TestAuthAndSession" name="test_login_returns_canonical_fields" time="1.631" /><testcase classname="tests.test_canonical_fields_audit.TestDocumentsCanonicalFields" name="test_documents_list_canonical_fields" time="0.748" /><testcase classname="tests.test_canonical_fields_audit.TestDocumentsCanonicalFields" name="test_documents_quotes_filter" time="0.276" /><testcase classname="tests.test_canonical_fields_audit.TestDocumentsCanonicalFields" name="test_documents_invoices_filter" time="0.274" /><testcase classname="tests.test_canonical_fields_audit.TestProjectStepsCanonicalFields" name="test_project_steps_canonical_fields" time="1.474" /><testcase classname="tests.test_canonical_fields_audit.TestProjectStepsCanonicalFields" name="test_project_timeline_full_canonical_fields" time="0.500" /><testcase classname="tests.test_canonical_fields_audit.TestDashboardCanonicalFields" name="test_agent_dashboard_canonical_fields" time="0.938" /><testcase classname="tests.test_canonical_fields_audit.TestOtherEndpointsCanonicalFields" name="test_projects_list" time="0.962" /><testcase classname="tests.test_canonical_fields_audit.TestOtherEndpointsCanonicalFields" name="test_clients_list" time="0.272" /><testcase classname="tests.test_canonical_fields_audit.TestOtherEndpointsCanonicalFields" name="test_notifications_list" time="0.382" /><testcase classname="tests.test_canonical_fields_audit.TestOtherEndpointsCanonicalFields" name="test_billing_status" time="0.497" /><testcase classname="tests.test_canonical_fields_audit.TestOtherEndpointsCanonicalFields" name="test_analytics" time="1.761" /><testcase classname="tests.test_canonical_fields_audit.TestHealthAndBasicEndpoints" name="test_health_endpoint" time="0.191" /><testcase classname="tests.test_canonical_fields_audit.TestHealthAndBasicEndpoints" name="test_root_endpoint" time="0.111" /></testsuite></testsuites>