<?xml version="1.0" encoding="utf-8"?><testsuites name="pytest tests"><testsuite name="pytest" errors="0" failures="0" skipped="0" tests="33" time="19.536" timestamp="2026-04-11T08:45:51.063614+00:00" hostname="agent-env-946e1f0a-066a-4a0f-8537-83bf3998a779"><testcase classname="tests.test_p1_legacy_cleanup.TestSetup" name="test_health_check" time="2.764" /><testcase classname="tests.test_p1_legacy_cleanup.TestSetup" name="test_login_success" time="0.442" /><testcase classname="tests.test_p1_legacy_cleanup.TestTeamCRUD" name="test_create_team_member" time="0.553" /><testcase classname="tests.test_p1_legacy_cleanup.TestTeamCRUD" name="test_get_team_members" time="0.439" /><testcase classname="tests.test_p1_legacy_cleanup.TestTeamCRUD" name="test_update_team_member" time="1.098" /><testcase classname="tests.test_p1_legacy_cleanup.TestTeamCRUD" name="test_delete_team_member" time="1.031" /><testcase classname="tests.test_p1_legacy_cleanup.TestTeamCRUD" name="test_bulk_import_team_members" time="0.558" /><testcase classname="tests.test_p1_legacy_cleanup.TestTeamCRUD" name="test_team_directory" time="0.331" /><testcase classname="tests.test_p1_legacy_cleanup.TestWorkflowSanitization" name="test_workflow_templates" time="0.212" /><testcase classname="tests.test_p1_legacy_cleanup.TestWorkflowSanitization" name="test_workflow_execute" time="0.757" /><testcase classname="tests.test_p1_legacy_cleanup.TestWorkflowSanitization" name="test_workflow_history" time="0.332" /><testcase classname="tests.test_p1_legacy_cleanup.TestWorkflowSanitization" name="test_workflow_selectors_document" time="1.442" /><testcase classname="tests.test_p1_legacy_cleanup.TestWorkflowSanitization" name="test_workflow_selectors_client" time="0.319" /><testcase classname="tests.test_p1_legacy_cleanup.TestPhase1Regression" name="test_projects_list" time="0.766" /><testcase classname="tests.test_p1_legacy_cleanup.TestPhase1Regression" name="test_project_timeline" time="0.450" /><testcase classname="tests.test_p1_legacy_cleanup.TestPhase1Regression" name="test_project_steps" time="0.440" /><testcase classname="tests.test_p1_legacy_cleanup.TestPhase1Regression" name="test_clients_list" time="0.325" /><testcase classname="tests.test_p1_legacy_cleanup.TestPhase2Regression" name="test_documents_list" time="0.319" /><testcase classname="tests.test_p1_legacy_cleanup.TestPhase2Regression" name="test_activities_list" time="2.796" /><testcase classname="tests.test_p1_legacy_cleanup.TestPhase2Regression" name="test_vault_documents" time="0.317" /><testcase classname="tests.test_p1_legacy_cleanup.TestPhase2Regression" name="test_notifications_contract" time="0.426" /><testcase classname="tests.test_p1_legacy_cleanup.TestPhase3Regression" name="test_command_interpret" time="0.448" /><testcase classname="tests.test_p1_legacy_cleanup.TestPhase3Regression" name="test_command_tools" time="0.205" /><testcase classname="tests.test_p1_legacy_cleanup.TestDeadV1Routes" name="test_old_activities_404" time="0.113" /><testcase classname="tests.test_p1_legacy_cleanup.TestDeadV1Routes" name="test_v1_activities_404" time="0.098" /><testcase classname="tests.test_p1_legacy_cleanup.TestDeadV1Routes" name="test_v1_clients_404" time="0.099" /><testcase classname="tests.test_p1_legacy_cleanup.TestDeadV1Routes" name="test_v1_documents_404" time="0.094" /><testcase classname="tests.test_p1_legacy_cleanup.TestNoIsDemoInResponses" name="test_no_is_demo_in_team_response" time="0.442" /><testcase classname="tests.test_p1_legacy_cleanup.TestNoIsDemoInResponses" name="test_no_is_demo_in_workflow_templates" time="0.208" /><testcase classname="tests.test_p1_legacy_cleanup.TestNoIsDemoInResponses" name="test_no_is_demo_in_workflow_history" time="0.321" /><testcase classname="tests.test_p1_legacy_cleanup.TestNoIsDemoInResponses" name="test_no_is_demo_in_notifications" time="0.435" /><testcase classname="tests.test_p1_legacy_cleanup.TestNoIsDemoInResponses" name="test_no_is_demo_in_command_tools" time="0.213" /><testcase classname="tests.test_p1_legacy_cleanup.TestEmailServiceShimRemoved" name="test_email_service_no_create_notification" time="0.651" /></testsuite></testsuites>