<?xml version="1.0" encoding="utf-8"?><testsuites name="pytest tests"><testsuite name="pytest" errors="0" failures="0" skipped="0" tests="18" time="36.036" timestamp="2026-04-11T14:02:36.440458+00:00" hostname="agent-env-946e1f0a-066a-4a0f-8537-83bf3998a779"><testcase classname="backend.tests.test_workflow_canonicalization.TestWorkflowTemplates" name="test_get_workflow_templates_returns_5_templates" time="3.792" /><testcase classname="backend.tests.test_workflow_canonicalization.TestWorkflowTemplates" name="test_get_specific_template_new_client_onboarding" time="0.214" /><testcase classname="backend.tests.test_workflow_canonicalization.TestWorkflowExecution" name="test_execute_new_client_onboarding_creates_client_via_service" time="2.140" /><testcase classname="backend.tests.test_workflow_canonicalization.TestWorkflowExecution" name="test_execute_invoice_paid_processing_transitions_via_document_service" time="3.649" /><testcase classname="backend.tests.test_workflow_canonicalization.TestWorkflowExecution" name="test_execute_milestone_completion_updates_via_step_service" time="1.636" /><testcase classname="backend.tests.test_workflow_canonicalization.TestWorkflowExecution" name="test_execute_send_document_sends_email" time="1.243" /><testcase classname="backend.tests.test_workflow_canonicalization.TestWorkflowExecution" name="test_execute_project_announcement_creates_activity_via_service" time="7.118" /><testcase classname="backend.tests.test_workflow_canonicalization.TestWorkflowSelectors" name="test_get_document_selectors" time="1.733" /><testcase classname="backend.tests.test_workflow_canonicalization.TestWorkflowSelectors" name="test_get_timeline_step_selectors" time="2.855" /><testcase classname="backend.tests.test_workflow_canonicalization.TestWorkflowSelectors" name="test_get_client_selectors" time="0.338" /><testcase classname="backend.tests.test_workflow_canonicalization.TestWorkflowHistory" name="test_get_workflow_history" time="0.495" /><testcase classname="backend.tests.test_workflow_canonicalization.TestProjectEntitlementRemoval" name="test_create_project_without_entitlement_check" time="0.921" /><testcase classname="backend.tests.test_workflow_canonicalization.TestUnitEntitlementStillEnforced" name="test_unit_creation_still_has_entitlement_check" time="1.254" /><testcase classname="backend.tests.test_workflow_canonicalization.TestBillingEndpointsStillWork" name="test_billing_status_endpoint" time="0.447" /><testcase classname="backend.tests.test_workflow_canonicalization.TestBillingEndpointsStillWork" name="test_billing_plans_endpoint" time="0.212" /><testcase classname="backend.tests.test_workflow_canonicalization.TestDemoSeedAndLogin" name="test_demo_seed_works" time="7.457" /><testcase classname="backend.tests.test_workflow_canonicalization.TestDemoSeedAndLogin" name="test_demo_agent_login_works" time="0.236" /><testcase classname="backend.tests.test_workflow_canonicalization.TestDemoSeedAndLogin" name="test_demo_buyer_login_works" time="0.219" /></testsuite></testsuites>