<?xml version="1.0" encoding="utf-8"?><testsuites name="pytest tests"><testsuite name="pytest" errors="0" failures="2" skipped="0" tests="15" time="15.515" timestamp="2026-04-11T23:05:20.066667+00:00" hostname="agent-env-946e1f0a-066a-4a0f-8537-83bf3998a779"><testcase classname="backend.tests.test_iteration28_organ2_organ3.TestOrgan2Organ3" name="test_01_agent_auth_valid" time="0.898"><failure message="AssertionError: Agent ID should be set&#10;assert None is not None&#10; +  where None = &lt;test_iteration28_organ2_organ3.TestOrgan2Organ3 object at 0xfc76d1051f50&gt;.agent_id">backend/tests/test_iteration28_organ2_organ3.py:71: in test_01_agent_auth_valid
    assert self.agent_id is not None, "Agent ID should be set"
E   AssertionError: Agent ID should be set
E   assert None is not None
E    +  where None = &lt;test_iteration28_organ2_organ3.TestOrgan2Organ3 object at 0xfc76d1051f50&gt;.agent_id</failure></testcase><testcase classname="backend.tests.test_iteration28_organ2_organ3.TestOrgan2Organ3" name="test_02_buyer_auth_valid" time="0.899"><failure message="AssertionError: Buyer ID should be set&#10;assert None is not None&#10; +  where None = &lt;test_iteration28_organ2_organ3.TestOrgan2Organ3 object at 0xfc76d10a2810&gt;.buyer_id">backend/tests/test_iteration28_organ2_organ3.py:77: in test_02_buyer_auth_valid
    assert self.buyer_id is not None, "Buyer ID should be set"
E   AssertionError: Buyer ID should be set
E   assert None is not None
E    +  where None = &lt;test_iteration28_organ2_organ3.TestOrgan2Organ3 object at 0xfc76d10a2810&gt;.buyer_id</failure></testcase><testcase classname="backend.tests.test_iteration28_organ2_organ3.TestOrgan2Organ3" name="test_03_dashboard_stats_returns_change_requests" time="1.689" /><testcase classname="backend.tests.test_iteration28_organ2_organ3.TestOrgan2Organ3" name="test_04_dashboard_stats_has_client_name" time="1.640" /><testcase classname="backend.tests.test_iteration28_organ2_organ3.TestOrgan2Organ3" name="test_05_quotes_list_has_context_fields" time="0.792" /><testcase classname="backend.tests.test_iteration28_organ2_organ3.TestOrgan2Organ3" name="test_06_invoices_list_has_context_fields" time="0.768" /><testcase classname="backend.tests.test_iteration28_organ2_organ3.TestOrgan2Organ3" name="test_07_clients_list_has_context_fields" time="0.780" /><testcase classname="backend.tests.test_iteration28_organ2_organ3.TestOrgan2Organ3" name="test_08_change_request_entity_endpoint" time="1.099" /><testcase classname="backend.tests.test_iteration28_organ2_organ3.TestOrgan2Organ3" name="test_09_buyer_timeline_endpoint" time="0.757" /><testcase classname="backend.tests.test_iteration28_organ2_organ3.TestOrgan2Organ3" name="test_10_buyer_can_see_cr_thread" time="1.097" /><testcase classname="backend.tests.test_iteration28_organ2_organ3.TestOrgan2Organ3" name="test_11_quote_detail_has_cr_fields" time="1.519" /><testcase classname="backend.tests.test_iteration28_organ2_organ3.TestOrgan2Organ3" name="test_12_invoice_detail_has_cr_fields" time="1.292" /><testcase classname="backend.tests.test_iteration28_organ2_organ3.TestOrgan2Organ3" name="test_13_projects_list_works" time="0.754" /><testcase classname="backend.tests.test_iteration28_organ2_organ3.TestOrgan2Organ3" name="test_14_decisions_list_works" time="0.879" /><testcase classname="backend.tests.test_iteration28_organ2_organ3.TestOrgan2Organ3" name="test_15_vault_documents_list_works" time="0.561" /></testsuite></testsuites>