<?xml version="1.0" encoding="utf-8"?><testsuites name="pytest tests"><testsuite name="pytest" errors="0" failures="0" skipped="0" tests="22" time="14.740" timestamp="2026-04-10T21:10:28.137346+00:00" hostname="agent-env-946e1f0a-066a-4a0f-8537-83bf3998a779"><testcase classname="tests.test_phase3_modularization.TestPhase3Modularization" name="test_01_health_endpoint" time="1.578" /><testcase classname="tests.test_phase3_modularization.TestPhase3Modularization" name="test_02_api_root" time="0.051" /><testcase classname="tests.test_phase3_modularization.TestPhase3Modularization" name="test_03_auth_session" time="0.163" /><testcase classname="tests.test_phase3_modularization.TestPhase3Modularization" name="test_04_get_projects" time="0.504" /><testcase classname="tests.test_phase3_modularization.TestPhase3Modularization" name="test_05_get_clients" time="0.276" /><testcase classname="tests.test_phase3_modularization.TestPhase3Modularization" name="test_06_get_documents" time="0.283" /><testcase classname="tests.test_phase3_modularization.TestPhase3Modularization" name="test_07_get_notifications" time="0.392" /><testcase classname="tests.test_phase3_modularization.TestPhase3Modularization" name="test_08_get_settings" time="0.277" /><testcase classname="tests.test_phase3_modularization.TestPhase3Modularization" name="test_09_get_agent_dashboard" time="0.514" /><testcase classname="tests.test_phase3_modularization.TestPhase3Modularization" name="test_10_get_analytics" time="1.776" /><testcase classname="tests.test_phase3_modularization.TestPhase3Modularization" name="test_11_get_timeline" time="1.029" /><testcase classname="tests.test_phase3_modularization.TestPhase3Modularization" name="test_12_get_billing_plans" time="0.168" /><testcase classname="tests.test_phase3_modularization.TestPhase3Modularization" name="test_13_get_billing_status" time="0.502" /><testcase classname="tests.test_phase3_modularization.TestPhase3Modularization" name="test_14_get_vault" time="0.274" /><testcase classname="tests.test_phase3_modularization.TestPhase3Modularization" name="test_15_get_workflow_templates" time="0.173" /><testcase classname="tests.test_phase3_modularization.TestPhase3Modularization" name="test_16_get_recent_work" time="0.389" /><testcase classname="tests.test_phase3_modularization.TestPhase3Modularization" name="test_17_get_team_invitations" time="0.278" /><testcase classname="tests.test_phase3_modularization.TestPhase3Modularization" name="test_18_get_activities" time="4.453" /><testcase classname="tests.test_phase3_modularization.TestPhase3Modularization" name="test_19_get_agent_stats" time="0.962" /><testcase classname="tests.test_phase3_modularization.TestPhase3Modularization" name="test_20_get_command_tools" time="0.169" /><testcase classname="tests.test_phase3_modularization.TestPhase3Modularization" name="test_21_get_branding" time="0.285" /><testcase classname="tests.test_phase3_modularization.TestPhase3Modularization" name="test_22_get_vault_categories" time="0.168" /></testsuite></testsuites>