<?xml version="1.0" encoding="utf-8"?><testsuites name="pytest tests"><testsuite name="pytest" errors="0" failures="0" skipped="0" tests="15" time="18.745" timestamp="2026-04-11T22:41:41.894474+00:00" hostname="agent-env-946e1f0a-066a-4a0f-8537-83bf3998a779"><testcase classname="tests.test_iteration27_organ3_cr.TestOrgan3ChangeRequestRebuild" name="test_01_auth_tokens_valid" time="1.989" /><testcase classname="tests.test_iteration27_organ3_cr.TestOrgan3ChangeRequestRebuild" name="test_02_create_quote_for_cr_testing" time="1.481" /><testcase classname="tests.test_iteration27_organ3_cr.TestOrgan3ChangeRequestRebuild" name="test_03_send_quote_to_buyer" time="1.590" /><testcase classname="tests.test_iteration27_organ3_cr.TestOrgan3ChangeRequestRebuild" name="test_04_buyer_creates_change_request" time="1.010" /><testcase classname="tests.test_iteration27_organ3_cr.TestOrgan3ChangeRequestRebuild" name="test_05_agent_responds_to_cr" time="0.458" /><testcase classname="tests.test_iteration27_organ3_cr.TestOrgan3ChangeRequestRebuild" name="test_06_agent_resolves_cr_doc_reverts_to_sent" time="1.129" /><testcase classname="tests.test_iteration27_organ3_cr.TestOrgan3ChangeRequestRebuild" name="test_07_cannot_respond_to_resolved_cr" time="0.333" /><testcase classname="tests.test_iteration27_organ3_cr.TestOrgan3ChangeRequestRebuild" name="test_08_close_resolved_cr" time="0.434" /><testcase classname="tests.test_iteration27_organ3_cr.TestOrgan3ChangeRequestRebuild" name="test_09_cannot_respond_to_closed_cr" time="0.332" /><testcase classname="tests.test_iteration27_organ3_cr.TestOrgan3ChangeRequestRebuild" name="test_10_cannot_close_open_cr" time="1.811" /><testcase classname="tests.test_iteration27_organ3_cr.TestOrgan3ChangeRequestRebuild" name="test_11_buyer_sees_full_thread" time="0.344" /><testcase classname="tests.test_iteration27_organ3_cr.TestOrgan3ChangeRequestRebuild" name="test_12_dashboard_aggregation_with_client_name" time="1.450" /><testcase classname="tests.test_iteration27_organ3_cr.TestOrgan3ChangeRequestRebuild" name="test_13_invoice_cr_flow_parity" time="4.830" /><testcase classname="tests.test_iteration27_organ3_cr.TestOrgan3ChangeRequestRebuild" name="test_14_legacy_pdf_path_backward_compat" time="0.561" /><testcase classname="tests.test_iteration27_organ3_cr.TestOrgan3ChangeRequestRebuild" name="test_99_cleanup" time="0.915" /></testsuite></testsuites>