<?xml version="1.0" encoding="utf-8"?><testsuites name="pytest tests"><testsuite name="pytest" errors="0" failures="0" skipped="0" tests="20" time="11.223" timestamp="2026-04-12T04:20:12.092004+00:00" hostname="agent-env-946e1f0a-066a-4a0f-8537-83bf3998a779"><testcase classname="backend.tests.test_iteration29_comprehensive.TestAuthAndSetup" name="test_agent_login" time="0.483" /><testcase classname="backend.tests.test_iteration29_comprehensive.TestAuthAndSetup" name="test_buyer_login" time="0.441" /><testcase classname="backend.tests.test_iteration29_comprehensive.TestHeroImage" name="test_bug003_hero_image_endpoint_exists" time="0.555" /><testcase classname="backend.tests.test_iteration29_comprehensive.TestHeroImage" name="test_bug003_hero_image_get_endpoint" time="0.555" /><testcase classname="backend.tests.test_iteration29_comprehensive.TestHeroImage" name="test_bug004_buyer_can_see_document" time="0.564" /><testcase classname="backend.tests.test_iteration29_comprehensive.TestVault" name="test_bug005_vault_upload_endpoint" time="0.332" /><testcase classname="backend.tests.test_iteration29_comprehensive.TestVault" name="test_bug005_vault_categories" time="0.213" /><testcase classname="backend.tests.test_iteration29_comprehensive.TestVault" name="test_bug007_vault_requires_auth" time="0.114" /><testcase classname="backend.tests.test_iteration29_comprehensive.TestLegacyFileCompatibility" name="test_bug008_source_pdf_404_graceful" time="0.340" /><testcase classname="backend.tests.test_iteration29_comprehensive.TestClientsContext" name="test_bug011_clients_list_has_context" time="0.552" /><testcase classname="backend.tests.test_iteration29_comprehensive.TestClientsContext" name="test_bug012_client_detail_has_context" time="0.438" /><testcase classname="backend.tests.test_iteration29_comprehensive.TestProjectEndpoint" name="test_bug014_project_endpoint_returns_name" time="0.444" /><testcase classname="backend.tests.test_iteration29_comprehensive.TestChangeRequests" name="test_bug029_cr_aggregation_in_stats" time="1.522" /><testcase classname="backend.tests.test_iteration29_comprehensive.TestChangeRequests" name="test_change_request_entity_endpoint" time="0.341" /><testcase classname="backend.tests.test_iteration29_comprehensive.TestInvoiceUploadParity" name="test_bug016_clients_have_context_for_invoice" time="0.547" /><testcase classname="backend.tests.test_iteration29_comprehensive.TestDashboardIntegration" name="test_bug031_stats_for_control_tower" time="1.465" /><testcase classname="backend.tests.test_iteration29_comprehensive.TestDocumentEndpoints" name="test_documents_list" time="0.554" /><testcase classname="backend.tests.test_iteration29_comprehensive.TestDocumentEndpoints" name="test_document_detail" time="0.553" /><testcase classname="backend.tests.test_iteration29_comprehensive.TestBuyerNotifications" name="test_buyer_notifications_endpoint" time="0.482" /><testcase classname="backend.tests.test_iteration29_comprehensive.TestBuyerNotifications" name="test_buyer_activities_endpoint" time="0.667" /></testsuite></testsuites>